<?xml version="1.0" encoding="UTF-8"?>
<!-- Generated by org.testng.reporters.JUnitReportReporter -->
<testsuite hostname="LAPTOP-N9RE5UG2" failures="0" tests="1" name="mainFunctionalities.JPetStore_Cart" time="26.733" errors="0" timestamp="2023-09-16T00:41:03 IST" skipped="0">
  <testcase classname="mainFunctionalities.JPetStore_Cart" name="addCrat" time="26.733"/>
</testsuite> <!-- mainFunctionalities.JPetStore_Cart -->
