<?xml version="1.0" encoding="UTF-8"?>
<!-- Generated by org.testng.reporters.JUnitReportReporter -->
<testsuite hostname="LAPTOP-N9RE5UG2" failures="0" tests="1" name="mainFunctionalities.Fish_Main" time="44.263" errors="0" timestamp="2023-09-15T18:47:35 IST" skipped="0">
  <testcase classname="mainFunctionalities.Fish_Main" name="fishModule" time="44.263"/>
</testsuite> <!-- mainFunctionalities.Fish_Main -->
