<?xml version="1.0" encoding="UTF-8"?>
<!-- Generated by org.testng.reporters.JUnitReportReporter -->
<testsuite hostname="LAPTOP-N9RE5UG2" failures="0" tests="3" name="mainFunctionalities.Dogs_Functionalities" time="42.266" errors="0" timestamp="2023-09-15T23:43:39 IST" skipped="0">
  <testcase classname="mainFunctionalities.Dogs_Functionalities" name="dogsModule" time="11.910"/>
  <testcase classname="mainFunctionalities.Dogs_Functionalities" name="dogM" time="15.630"/>
  <testcase classname="mainFunctionalities.Dogs_Functionalities" name="dogsMo" time="14.726"/>
</testsuite> <!-- mainFunctionalities.Dogs_Functionalities -->
