<?xml version="1.0" encoding="UTF-8"?>
<!-- Generated by org.testng.reporters.JUnitReportReporter -->
<testsuite hostname="LAPTOP-N9RE5UG2" failures="0" tests="2" name="mainFunctionalities.Cats_Functionality" time="37.174" errors="0" timestamp="2023-09-16T00:21:47 IST" skipped="0">
  <testcase classname="mainFunctionalities.Cats_Functionality" name="login" time="11.565"/>
  <testcase classname="mainFunctionalities.Cats_Functionality" name="catsModule" time="25.609"/>
</testsuite> <!-- mainFunctionalities.Cats_Functionality -->
